Arguments: 
  /home/vntedco/.nvm/versions/node/v18.14.0/bin/node /home/vntedco/.nvm/versions/node/v18.14.0/bin/yarn add typescript

PATH: 
  /home/vntedco/.nvm/versions/node/v18.14.0/bin:/home/vntedco/Android/Sdk/platform-tools:/home/vntedco/Android/Sdk/tools/bin:/home/vntedco/Android/Sdk/platform-tools:/home/vntedco/Android/Sdk/tools/bin:/home/vntedco/bin:/home/vntedco/Android/Sdk/platform-tools:/home/vntedco/Android/Sdk/tools/bin:/home/vntedco/bin:/usr/local/sbin:/usr/local/bin:/usr/sbin:/usr/bin:/sbin:/bin:/usr/games:/usr/local/games:/snap/bin:/home/vntedco/.local/share/JetBrains/Toolbox/scripts:/home/vntedco/.local/share/JetBrains/Toolbox/scripts

Yarn version: 
  1.22.19

Node version: 
  18.14.0

Platform: 
  linux x64

Trace: 
  SyntaxError: /home/vntedco/Documentos/Estudos/FullCycle/kUber/backend/package.json: Unexpected token } in JSON at position 287
      at JSON.parse (<anonymous>)
      at /home/vntedco/.nvm/versions/node/v18.14.0/lib/node_modules/yarn/lib/cli.js:1629:59
      at Generator.next (<anonymous>)
      at step (/home/vntedco/.nvm/versions/node/v18.14.0/lib/node_modules/yarn/lib/cli.js:310:30)
      at /home/vntedco/.nvm/versions/node/v18.14.0/lib/node_modules/yarn/lib/cli.js:321:13

npm manifest: 
  {
    "name": "backend",
    "version": "1.0.0",
    "description": "",
    "main": "index.js",
    "scripts": {
      "build": "tsc",
      "start": "yarn build && node dist/src/index.js",
      "dev": "ts-node-dev --transpile-only --respawn --ignore-watch node_modules --exit-child 'src/index.ts'",
    },
    "keywords": [],
    "author": "",
    "license": "ISC"
  }

yarn manifest: 
  No manifest

Lockfile: 
  No lockfile
